# JRE version: OpenJDK Runtime Environment Microsoft-40648 (11.0.16.1+1) (build 11.0.16.1+1-LTS)
# Java VM: OpenJDK 64-Bit Server VM Microsoft-40648 (11.0.16.1+1-LTS, mixed mode, tiered, compressed oops, g1 gc, windows-amd64)
Heap:
 garbage-first heap   total 262144K, used 143591K [0x00000000a0000000, 0x0000000100000000)
  region size 1024K, 125 young (128000K), 9 survivors (9216K)
 Metaspace       used 44190K, capacity 45348K, committed 45520K, reserved 1089536K
  class space    used 5522K, capacity 5919K, committed 6016K, reserved 1048576K
GC Heap History (14 events):
Event: 0.886 GC heap before
{Heap before GC invocations=0 (full 0):
 garbage-first heap   total 262144K, used 16384K [0x00000000a0000000, 0x0000000100000000)
  region size 1024K, 14 young (14336K), 0 survivors (0K)
 Metaspace       used 6783K, capacity 6989K, committed 7168K, reserved 1056768K
  class space    used 571K, capacity 650K, committed 768K, reserved 1048576K
}
Event: 0.895 GC heap after
{Heap after GC invocations=1 (full 0):
 garbage-first heap   total 262144K, used 4448K [0x00000000a0000000, 0x0000000100000000)
  region size 1024K, 2 young (2048K), 2 survivors (2048K)
 Metaspace       used 6783K, capacity 6989K, committed 7168K, reserved 1056768K
  class space    used 571K, capacity 650K, committed 768K, reserved 1048576K
}
Event: 1.400 GC heap before
{Heap before GC invocations=1 (full 0):
 garbage-first heap   total 262144K, used 19808K [0x00000000a0000000, 0x0000000100000000)
  region size 1024K, 14 young (14336K), 2 survivors (2048K)
 Metaspace       used 10263K, capacity 10492K, committed 10624K, reserved 1058816K
  class space    used 1046K, capacity 1140K, committed 1152K, reserved 1048576K
}
Event: 1.403 GC heap after
{Heap after GC invocations=2 (full 0):
 garbage-first heap   total 262144K, used 9403K [0x00000000a0000000, 0x0000000100000000)
  region size 1024K, 2 young (2048K), 2 survivors (2048K)
 Metaspace       used 10263K, capacity 10492K, committed 10624K, reserved 1058816K
  class space    used 1046K, capacity 1140K, committed 1152K, reserved 1048576K
}
Event: 2.644 GC heap before
{Heap before GC invocations=2 (full 0):
 garbage-first heap   total 262144K, used 44219K [0x00000000a0000000, 0x0000000100000000)
  region size 1024K, 35 young (35840K), 2 survivors (2048K)
 Metaspace       used 11362K, capacity 11631K, committed 11904K, reserved 1060864K
  class space    used 1164K, capacity 1285K, committed 1408K, reserved 1048576K
}
Event: 2.648 GC heap after
{Heap after GC invocations=3 (full 0):
 garbage-first heap   total 262144K, used 14336K [0x00000000a0000000, 0x0000000100000000)
  region size 1024K, 5 young (5120K), 5 survivors (5120K)
 Metaspace       used 11362K, capacity 11631K, committed 11904K, reserved 1060864K
  class space    used 1164K, capacity 1285K, committed 1408K, reserved 1048576K
}
Event: 4.323 GC heap before
{Heap before GC invocations=3 (full 0):
 garbage-first heap   total 262144K, used 60416K [0x00000000a0000000, 0x0000000100000000)
  region size 1024K, 50 young (51200K), 5 survivors (5120K)
 Metaspace       used 19329K, capacity 19721K, committed 19968K, reserved 1067008K
  class space    used 2312K, capacity 2473K, committed 2560K, reserved 1048576K
}
Event: 4.330 GC heap after
{Heap after GC invocations=4 (full 0):
 garbage-first heap   total 262144K, used 16646K [0x00000000a0000000, 0x0000000100000000)
  region size 1024K, 6 young (6144K), 6 survivors (6144K)
 Metaspace       used 19329K, capacity 19721K, committed 19968K, reserved 1067008K
  class space    used 2312K, capacity 2473K, committed 2560K, reserved 1048576K
}
Event: 4.541 GC heap before
{Heap before GC invocations=4 (full 0):
 garbage-first heap   total 262144K, used 24838K [0x00000000a0000000, 0x0000000100000000)
  region size 1024K, 15 young (15360K), 6 survivors (6144K)
 Metaspace       used 20664K, capacity 21161K, committed 21296K, reserved 1069056K
  class space    used 2480K, capacity 2659K, committed 2688K, reserved 1048576K
}
Event: 4.548 GC heap after
{Heap after GC invocations=5 (full 0):
 garbage-first heap   total 262144K, used 17296K [0x00000000a0000000, 0x0000000100000000)
  region size 1024K, 4 young (4096K), 4 survivors (4096K)
 Metaspace       used 20664K, capacity 21161K, committed 21296K, reserved 1069056K
  class space    used 2480K, capacity 2659K, committed 2688K, reserved 1048576K
}
Event: 5.838 GC heap before
{Heap before GC invocations=6 (full 0):
 garbage-first heap   total 262144K, used 75664K [0x00000000a0000000, 0x0000000100000000)
  region size 1024K, 61 young (62464K), 4 survivors (4096K)
 Metaspace       used 26698K, capacity 27311K, committed 27440K, reserved 1073152K
  class space    used 3424K, capacity 3673K, committed 3712K, reserved 1048576K
}
Event: 5.845 GC heap after
{Heap after GC invocations=7 (full 0):
 garbage-first heap   total 262144K, used 19315K [0x00000000a0000000, 0x0000000100000000)
  region size 1024K, 6 young (6144K), 6 survivors (6144K)
 Metaspace       used 26698K, capacity 27311K, committed 27440K, reserved 1073152K
  class space    used 3424K, capacity 3673K, committed 3712K, reserved 1048576K
}
Event: 7.291 GC heap before
{Heap before GC invocations=7 (full 0):
 garbage-first heap   total 262144K, used 74611K [0x00000000a0000000, 0x0000000100000000)
  region size 1024K, 61 young (62464K), 6 survivors (6144K)
 Metaspace       used 35023K, capacity 35773K, committed 35920K, reserved 1081344K
  class space    used 4455K, capacity 4773K, committed 4864K, reserved 1048576K
}
Event: 7.304 GC heap after
{Heap after GC invocations=8 (full 0):
 garbage-first heap   total 262144K, used 22759K [0x00000000a0000000, 0x0000000100000000)
  region size 1024K, 9 young (9216K), 9 survivors (9216K)
 Metaspace       used 35023K, capacity 35773K, committed 35920K, reserved 1081344K
  class space    used 4455K, capacity 4773K, committed 4864K, reserved 1048576K
}

